<?xml version="1.0" encoding="UTF-8"?>
<testsuite name="com.apptastic.mfsapdmr.TransactionTest" tests="2" skipped="0" failures="0" errors="0" timestamp="2019-12-22T12:02:23" hostname="Peters-MBP.aircard" time="0.016">
  <properties/>
  <testcase name="testHashCode" classname="com.apptastic.mfsapdmr.TransactionTest" time="0.016"/>
  <testcase name="testEquals" classname="com.apptastic.mfsapdmr.TransactionTest" time="0.0"/>
  <system-out><![CDATA[]]></system-out>
  <system-err><![CDATA[]]></system-err>
</testsuite>
